23:09:33 INFO  : Registering command handlers for SDK TCF services
23:09:33 INFO  : Launching XSCT server: xsct.bat -interactive C:\soc\HW_1\HW_1.sdk\temp_xsdb_launch_script.tcl
23:09:35 INFO  : XSCT server has started successfully.
23:09:35 INFO  : Successfully done setting XSCT server connection channel  
23:09:36 INFO  : Successfully done setting SDK workspace  
23:09:36 INFO  : Processing command line option -hwspec C:/soc/HW_1/HW_1.sdk/design_1_wrapper.hdf.
23:13:01 INFO  : Connected to target on host '127.0.0.1' and port '3121'.
23:13:01 INFO  : 'targets -set -filter {jtag_cable_name =~ "Xilinx TUL 1234-tulA" && level==0} -index 1' command is executed.
23:13:04 INFO  : FPGA configured successfully with bitstream "C:/soc/HW_1/HW_1.sdk/design_1_wrapper_hw_platform_0/design_1_wrapper.bit"
23:13:26 INFO  : 'targets -set -filter {jtag_cable_name =~ "Xilinx TUL 1234-tulA" && level==0} -index 1' command is executed.
23:13:26 INFO  : 'fpga -state' command is executed.
23:13:26 INFO  : Connected to target on host '127.0.0.1' and port '3121'.
23:13:26 INFO  : Jtag cable 'Xilinx TUL 1234-tulA' is selected.
23:13:26 INFO  : 'jtag frequency' command is executed.
23:13:26 INFO  : Sourcing of 'C:/soc/HW_1/HW_1.sdk/design_1_wrapper_hw_platform_0/ps7_init.tcl' is done.
23:13:26 INFO  : Context for 'APU' is selected.
23:13:26 INFO  : Hardware design information is loaded from 'C:/soc/HW_1/HW_1.sdk/design_1_wrapper_hw_platform_0/system.hdf'.
23:13:26 INFO  : 'configparams force-mem-access 1' command is executed.
23:13:26 INFO  : Context for 'APU' is selected.
23:13:26 INFO  : 'stop' command is executed.
23:13:26 INFO  : 'ps7_init' command is executed.
23:13:26 INFO  : 'ps7_post_config' command is executed.
23:13:26 INFO  : Context for processor 'ps7_cortexa9_0' is selected.
23:13:26 INFO  : Processor reset is completed for 'ps7_cortexa9_0'.
23:13:26 INFO  : Context for processor 'ps7_cortexa9_0' is selected.
23:13:27 INFO  : The application 'C:/soc/HW_1/HW_1.sdk/LED/Debug/LED.elf' is downloaded to processor 'ps7_cortexa9_0'.
23:13:27 INFO  : 'configparams force-mem-access 0' command is executed.
23:13:27 INFO  : ----------------XSDB Script----------------
connect -url tcp:127.0.0.1:3121
source C:/soc/HW_1/HW_1.sdk/design_1_wrapper_hw_platform_0/ps7_init.tcl
targets -set -nocase -filter {name =~"APU*" && jtag_cable_name =~ "Xilinx TUL 1234-tulA"} -index 0
loadhw -hw C:/soc/HW_1/HW_1.sdk/design_1_wrapper_hw_platform_0/system.hdf -mem-ranges [list {0x40000000 0xbfffffff}]
configparams force-mem-access 1
targets -set -nocase -filter {name =~"APU*" && jtag_cable_name =~ "Xilinx TUL 1234-tulA"} -index 0
stop
ps7_init
ps7_post_config
targets -set -nocase -filter {name =~ "ARM*#0" && jtag_cable_name =~ "Xilinx TUL 1234-tulA"} -index 0
rst -processor
targets -set -nocase -filter {name =~ "ARM*#0" && jtag_cable_name =~ "Xilinx TUL 1234-tulA"} -index 0
dow C:/soc/HW_1/HW_1.sdk/LED/Debug/LED.elf
configparams force-mem-access 0
----------------End of Script----------------

23:13:27 INFO  : Memory regions updated for context APU
23:13:27 INFO  : Context for processor 'ps7_cortexa9_0' is selected.
23:13:27 INFO  : 'con' command is executed.
23:13:27 INFO  : ----------------XSDB Script (After Launch)----------------
targets -set -nocase -filter {name =~ "ARM*#0" && jtag_cable_name =~ "Xilinx TUL 1234-tulA"} -index 0
con
----------------End of Script----------------

23:13:27 INFO  : Launch script is exported to file 'C:\soc\HW_1\HW_1.sdk\.sdk\launch_scripts\xilinx_c-c++_application_(system_debugger)\system_debugger_using_debug_led.elf_on_local.tcl'
23:15:30 INFO  : Disconnected from the channel tcfchan#1.
23:15:31 INFO  : 'targets -set -filter {jtag_cable_name =~ "Xilinx TUL 1234-tulA" && level==0} -index 1' command is executed.
23:15:31 INFO  : 'fpga -state' command is executed.
23:15:31 INFO  : Connected to target on host '127.0.0.1' and port '3121'.
23:15:32 INFO  : Jtag cable 'Xilinx TUL 1234-tulA' is selected.
23:15:32 INFO  : 'jtag frequency' command is executed.
23:15:32 INFO  : Sourcing of 'C:/soc/HW_1/HW_1.sdk/design_1_wrapper_hw_platform_0/ps7_init.tcl' is done.
23:15:32 INFO  : Context for 'APU' is selected.
23:15:33 INFO  : Hardware design information is loaded from 'C:/soc/HW_1/HW_1.sdk/design_1_wrapper_hw_platform_0/system.hdf'.
23:15:33 INFO  : 'configparams force-mem-access 1' command is executed.
23:15:33 INFO  : Context for 'APU' is selected.
23:15:33 INFO  : 'stop' command is executed.
23:15:33 INFO  : 'ps7_init' command is executed.
23:15:33 INFO  : 'ps7_post_config' command is executed.
23:15:33 INFO  : Context for processor 'ps7_cortexa9_0' is selected.
23:15:33 INFO  : Processor reset is completed for 'ps7_cortexa9_0'.
23:15:33 INFO  : Context for processor 'ps7_cortexa9_0' is selected.
23:15:34 INFO  : The application 'C:/soc/HW_1/HW_1.sdk/LED/Debug/LED.elf' is downloaded to processor 'ps7_cortexa9_0'.
23:15:34 INFO  : 'configparams force-mem-access 0' command is executed.
23:15:34 INFO  : ----------------XSDB Script----------------
connect -url tcp:127.0.0.1:3121
source C:/soc/HW_1/HW_1.sdk/design_1_wrapper_hw_platform_0/ps7_init.tcl
targets -set -nocase -filter {name =~"APU*" && jtag_cable_name =~ "Xilinx TUL 1234-tulA"} -index 0
loadhw -hw C:/soc/HW_1/HW_1.sdk/design_1_wrapper_hw_platform_0/system.hdf -mem-ranges [list {0x40000000 0xbfffffff}]
configparams force-mem-access 1
targets -set -nocase -filter {name =~"APU*" && jtag_cable_name =~ "Xilinx TUL 1234-tulA"} -index 0
stop
ps7_init
ps7_post_config
targets -set -nocase -filter {name =~ "ARM*#0" && jtag_cable_name =~ "Xilinx TUL 1234-tulA"} -index 0
rst -processor
targets -set -nocase -filter {name =~ "ARM*#0" && jtag_cable_name =~ "Xilinx TUL 1234-tulA"} -index 0
dow C:/soc/HW_1/HW_1.sdk/LED/Debug/LED.elf
configparams force-mem-access 0
----------------End of Script----------------

23:15:34 INFO  : Memory regions updated for context APU
23:15:34 INFO  : Context for processor 'ps7_cortexa9_0' is selected.
23:15:34 INFO  : 'con' command is executed.
23:15:34 INFO  : ----------------XSDB Script (After Launch)----------------
targets -set -nocase -filter {name =~ "ARM*#0" && jtag_cable_name =~ "Xilinx TUL 1234-tulA"} -index 0
con
----------------End of Script----------------

23:15:34 INFO  : Launch script is exported to file 'C:\soc\HW_1\HW_1.sdk\.sdk\launch_scripts\xilinx_c-c++_application_(system_debugger)\system_debugger_using_debug_led.elf_on_local.tcl'
23:17:30 INFO  : Disconnected from the channel tcfchan#2.
23:17:31 INFO  : 'targets -set -filter {jtag_cable_name =~ "Xilinx TUL 1234-tulA" && level==0} -index 1' command is executed.
23:17:31 INFO  : 'fpga -state' command is executed.
23:17:31 INFO  : Connected to target on host '127.0.0.1' and port '3121'.
23:17:31 INFO  : Jtag cable 'Xilinx TUL 1234-tulA' is selected.
23:17:31 INFO  : 'jtag frequency' command is executed.
23:17:31 INFO  : Sourcing of 'C:/soc/HW_1/HW_1.sdk/design_1_wrapper_hw_platform_0/ps7_init.tcl' is done.
23:17:31 INFO  : Context for 'APU' is selected.
23:17:32 INFO  : Hardware design information is loaded from 'C:/soc/HW_1/HW_1.sdk/design_1_wrapper_hw_platform_0/system.hdf'.
23:17:32 INFO  : 'configparams force-mem-access 1' command is executed.
23:17:32 INFO  : Context for 'APU' is selected.
23:17:32 INFO  : 'stop' command is executed.
23:17:33 INFO  : 'ps7_init' command is executed.
23:17:33 INFO  : 'ps7_post_config' command is executed.
23:17:33 INFO  : Context for processor 'ps7_cortexa9_0' is selected.
23:17:33 INFO  : Processor reset is completed for 'ps7_cortexa9_0'.
23:17:33 INFO  : Context for processor 'ps7_cortexa9_0' is selected.
23:17:33 INFO  : The application 'C:/soc/HW_1/HW_1.sdk/LED/Debug/LED.elf' is downloaded to processor 'ps7_cortexa9_0'.
23:17:33 INFO  : 'configparams force-mem-access 0' command is executed.
23:17:33 INFO  : ----------------XSDB Script----------------
connect -url tcp:127.0.0.1:3121
source C:/soc/HW_1/HW_1.sdk/design_1_wrapper_hw_platform_0/ps7_init.tcl
targets -set -nocase -filter {name =~"APU*" && jtag_cable_name =~ "Xilinx TUL 1234-tulA"} -index 0
loadhw -hw C:/soc/HW_1/HW_1.sdk/design_1_wrapper_hw_platform_0/system.hdf -mem-ranges [list {0x40000000 0xbfffffff}]
configparams force-mem-access 1
targets -set -nocase -filter {name =~"APU*" && jtag_cable_name =~ "Xilinx TUL 1234-tulA"} -index 0
stop
ps7_init
ps7_post_config
targets -set -nocase -filter {name =~ "ARM*#0" && jtag_cable_name =~ "Xilinx TUL 1234-tulA"} -index 0
rst -processor
targets -set -nocase -filter {name =~ "ARM*#0" && jtag_cable_name =~ "Xilinx TUL 1234-tulA"} -index 0
dow C:/soc/HW_1/HW_1.sdk/LED/Debug/LED.elf
configparams force-mem-access 0
----------------End of Script----------------

23:17:33 INFO  : Memory regions updated for context APU
23:17:33 INFO  : Context for processor 'ps7_cortexa9_0' is selected.
23:17:33 INFO  : 'con' command is executed.
23:17:33 INFO  : ----------------XSDB Script (After Launch)----------------
targets -set -nocase -filter {name =~ "ARM*#0" && jtag_cable_name =~ "Xilinx TUL 1234-tulA"} -index 0
con
----------------End of Script----------------

23:17:33 INFO  : Launch script is exported to file 'C:\soc\HW_1\HW_1.sdk\.sdk\launch_scripts\xilinx_c-c++_application_(system_debugger)\system_debugger_using_debug_led.elf_on_local.tcl'
23:24:39 INFO  : Disconnected from the channel tcfchan#3.
23:24:40 INFO  : 'targets -set -filter {jtag_cable_name =~ "Xilinx TUL 1234-tulA" && level==0} -index 1' command is executed.
23:24:40 INFO  : 'fpga -state' command is executed.
23:24:40 INFO  : Connected to target on host '127.0.0.1' and port '3121'.
23:24:40 INFO  : Jtag cable 'Xilinx TUL 1234-tulA' is selected.
23:24:40 INFO  : 'jtag frequency' command is executed.
23:24:40 INFO  : Sourcing of 'C:/soc/HW_1/HW_1.sdk/design_1_wrapper_hw_platform_0/ps7_init.tcl' is done.
23:24:40 INFO  : Context for 'APU' is selected.
23:24:42 INFO  : Hardware design information is loaded from 'C:/soc/HW_1/HW_1.sdk/design_1_wrapper_hw_platform_0/system.hdf'.
23:24:42 INFO  : 'configparams force-mem-access 1' command is executed.
23:24:42 INFO  : Context for 'APU' is selected.
23:24:42 INFO  : 'stop' command is executed.
23:24:42 INFO  : 'ps7_init' command is executed.
23:24:42 INFO  : 'ps7_post_config' command is executed.
23:24:42 INFO  : Context for processor 'ps7_cortexa9_0' is selected.
23:24:42 INFO  : Processor reset is completed for 'ps7_cortexa9_0'.
23:24:42 INFO  : Context for processor 'ps7_cortexa9_0' is selected.
23:24:42 INFO  : The application 'C:/soc/HW_1/HW_1.sdk/LED/Debug/LED.elf' is downloaded to processor 'ps7_cortexa9_0'.
23:24:42 INFO  : 'configparams force-mem-access 0' command is executed.
23:24:42 INFO  : ----------------XSDB Script----------------
connect -url tcp:127.0.0.1:3121
source C:/soc/HW_1/HW_1.sdk/design_1_wrapper_hw_platform_0/ps7_init.tcl
targets -set -nocase -filter {name =~"APU*" && jtag_cable_name =~ "Xilinx TUL 1234-tulA"} -index 0
loadhw -hw C:/soc/HW_1/HW_1.sdk/design_1_wrapper_hw_platform_0/system.hdf -mem-ranges [list {0x40000000 0xbfffffff}]
configparams force-mem-access 1
targets -set -nocase -filter {name =~"APU*" && jtag_cable_name =~ "Xilinx TUL 1234-tulA"} -index 0
stop
ps7_init
ps7_post_config
targets -set -nocase -filter {name =~ "ARM*#0" && jtag_cable_name =~ "Xilinx TUL 1234-tulA"} -index 0
rst -processor
targets -set -nocase -filter {name =~ "ARM*#0" && jtag_cable_name =~ "Xilinx TUL 1234-tulA"} -index 0
dow C:/soc/HW_1/HW_1.sdk/LED/Debug/LED.elf
configparams force-mem-access 0
----------------End of Script----------------

23:24:42 INFO  : Memory regions updated for context APU
23:24:42 INFO  : Context for processor 'ps7_cortexa9_0' is selected.
23:24:43 INFO  : 'con' command is executed.
23:24:43 INFO  : ----------------XSDB Script (After Launch)----------------
targets -set -nocase -filter {name =~ "ARM*#0" && jtag_cable_name =~ "Xilinx TUL 1234-tulA"} -index 0
con
----------------End of Script----------------

23:24:43 INFO  : Launch script is exported to file 'C:\soc\HW_1\HW_1.sdk\.sdk\launch_scripts\xilinx_c-c++_application_(system_debugger)\system_debugger_using_debug_led.elf_on_local.tcl'
23:33:07 INFO  : Disconnected from the channel tcfchan#4.
23:33:08 INFO  : 'targets -set -filter {jtag_cable_name =~ "Xilinx TUL 1234-tulA" && level==0} -index 1' command is executed.
23:33:08 INFO  : 'fpga -state' command is executed.
23:33:08 INFO  : Connected to target on host '127.0.0.1' and port '3121'.
23:33:09 INFO  : Jtag cable 'Xilinx TUL 1234-tulA' is selected.
23:33:09 INFO  : 'jtag frequency' command is executed.
23:33:09 INFO  : Sourcing of 'C:/soc/HW_1/HW_1.sdk/design_1_wrapper_hw_platform_0/ps7_init.tcl' is done.
23:33:09 INFO  : Context for 'APU' is selected.
23:33:10 INFO  : Hardware design information is loaded from 'C:/soc/HW_1/HW_1.sdk/design_1_wrapper_hw_platform_0/system.hdf'.
23:33:10 INFO  : 'configparams force-mem-access 1' command is executed.
23:33:10 INFO  : Context for 'APU' is selected.
23:33:10 INFO  : 'stop' command is executed.
23:33:10 INFO  : 'ps7_init' command is executed.
23:33:10 INFO  : 'ps7_post_config' command is executed.
23:33:10 INFO  : Context for processor 'ps7_cortexa9_0' is selected.
23:33:10 INFO  : Processor reset is completed for 'ps7_cortexa9_0'.
23:33:10 INFO  : Context for processor 'ps7_cortexa9_0' is selected.
23:33:10 INFO  : The application 'C:/soc/HW_1/HW_1.sdk/LED/Debug/LED.elf' is downloaded to processor 'ps7_cortexa9_0'.
23:33:10 INFO  : 'configparams force-mem-access 0' command is executed.
23:33:10 INFO  : ----------------XSDB Script----------------
connect -url tcp:127.0.0.1:3121
source C:/soc/HW_1/HW_1.sdk/design_1_wrapper_hw_platform_0/ps7_init.tcl
targets -set -nocase -filter {name =~"APU*" && jtag_cable_name =~ "Xilinx TUL 1234-tulA"} -index 0
loadhw -hw C:/soc/HW_1/HW_1.sdk/design_1_wrapper_hw_platform_0/system.hdf -mem-ranges [list {0x40000000 0xbfffffff}]
configparams force-mem-access 1
targets -set -nocase -filter {name =~"APU*" && jtag_cable_name =~ "Xilinx TUL 1234-tulA"} -index 0
stop
ps7_init
ps7_post_config
targets -set -nocase -filter {name =~ "ARM*#0" && jtag_cable_name =~ "Xilinx TUL 1234-tulA"} -index 0
rst -processor
targets -set -nocase -filter {name =~ "ARM*#0" && jtag_cable_name =~ "Xilinx TUL 1234-tulA"} -index 0
dow C:/soc/HW_1/HW_1.sdk/LED/Debug/LED.elf
configparams force-mem-access 0
----------------End of Script----------------

23:33:11 INFO  : Memory regions updated for context APU
23:33:11 INFO  : Context for processor 'ps7_cortexa9_0' is selected.
23:33:11 INFO  : 'con' command is executed.
23:33:11 INFO  : ----------------XSDB Script (After Launch)----------------
targets -set -nocase -filter {name =~ "ARM*#0" && jtag_cable_name =~ "Xilinx TUL 1234-tulA"} -index 0
con
----------------End of Script----------------

23:33:11 INFO  : Launch script is exported to file 'C:\soc\HW_1\HW_1.sdk\.sdk\launch_scripts\xilinx_c-c++_application_(system_debugger)\system_debugger_using_debug_led.elf_on_local.tcl'
23:34:25 INFO  : Disconnected from the channel tcfchan#5.
23:34:26 INFO  : 'targets -set -filter {jtag_cable_name =~ "Xilinx TUL 1234-tulA" && level==0} -index 1' command is executed.
23:34:26 INFO  : 'fpga -state' command is executed.
23:34:26 INFO  : Connected to target on host '127.0.0.1' and port '3121'.
23:34:26 INFO  : Jtag cable 'Xilinx TUL 1234-tulA' is selected.
23:34:26 INFO  : 'jtag frequency' command is executed.
23:34:26 INFO  : Sourcing of 'C:/soc/HW_1/HW_1.sdk/design_1_wrapper_hw_platform_0/ps7_init.tcl' is done.
23:34:26 INFO  : Context for 'APU' is selected.
23:34:28 INFO  : Hardware design information is loaded from 'C:/soc/HW_1/HW_1.sdk/design_1_wrapper_hw_platform_0/system.hdf'.
23:34:28 INFO  : 'configparams force-mem-access 1' command is executed.
23:34:28 INFO  : Context for 'APU' is selected.
23:34:28 INFO  : 'stop' command is executed.
23:34:28 INFO  : 'ps7_init' command is executed.
23:34:28 INFO  : 'ps7_post_config' command is executed.
23:34:28 INFO  : Context for processor 'ps7_cortexa9_0' is selected.
23:34:28 INFO  : Processor reset is completed for 'ps7_cortexa9_0'.
23:34:28 INFO  : Context for processor 'ps7_cortexa9_0' is selected.
23:34:28 INFO  : The application 'C:/soc/HW_1/HW_1.sdk/LED/Debug/LED.elf' is downloaded to processor 'ps7_cortexa9_0'.
23:34:28 INFO  : 'configparams force-mem-access 0' command is executed.
23:34:28 INFO  : ----------------XSDB Script----------------
connect -url tcp:127.0.0.1:3121
source C:/soc/HW_1/HW_1.sdk/design_1_wrapper_hw_platform_0/ps7_init.tcl
targets -set -nocase -filter {name =~"APU*" && jtag_cable_name =~ "Xilinx TUL 1234-tulA"} -index 0
loadhw -hw C:/soc/HW_1/HW_1.sdk/design_1_wrapper_hw_platform_0/system.hdf -mem-ranges [list {0x40000000 0xbfffffff}]
configparams force-mem-access 1
targets -set -nocase -filter {name =~"APU*" && jtag_cable_name =~ "Xilinx TUL 1234-tulA"} -index 0
stop
ps7_init
ps7_post_config
targets -set -nocase -filter {name =~ "ARM*#0" && jtag_cable_name =~ "Xilinx TUL 1234-tulA"} -index 0
rst -processor
targets -set -nocase -filter {name =~ "ARM*#0" && jtag_cable_name =~ "Xilinx TUL 1234-tulA"} -index 0
dow C:/soc/HW_1/HW_1.sdk/LED/Debug/LED.elf
configparams force-mem-access 0
----------------End of Script----------------

23:34:28 INFO  : Memory regions updated for context APU
23:34:28 INFO  : Context for processor 'ps7_cortexa9_0' is selected.
23:34:28 INFO  : 'con' command is executed.
23:34:28 INFO  : ----------------XSDB Script (After Launch)----------------
targets -set -nocase -filter {name =~ "ARM*#0" && jtag_cable_name =~ "Xilinx TUL 1234-tulA"} -index 0
con
----------------End of Script----------------

23:34:28 INFO  : Launch script is exported to file 'C:\soc\HW_1\HW_1.sdk\.sdk\launch_scripts\xilinx_c-c++_application_(system_debugger)\system_debugger_using_debug_led.elf_on_local.tcl'
23:34:44 INFO  : Disconnected from the channel tcfchan#6.
23:34:45 INFO  : 'targets -set -filter {jtag_cable_name =~ "Xilinx TUL 1234-tulA" && level==0} -index 1' command is executed.
23:34:45 INFO  : 'fpga -state' command is executed.
23:34:45 INFO  : Connected to target on host '127.0.0.1' and port '3121'.
23:34:45 INFO  : Jtag cable 'Xilinx TUL 1234-tulA' is selected.
23:34:45 INFO  : 'jtag frequency' command is executed.
23:34:45 INFO  : Sourcing of 'C:/soc/HW_1/HW_1.sdk/design_1_wrapper_hw_platform_0/ps7_init.tcl' is done.
23:34:45 INFO  : Context for 'APU' is selected.
23:34:46 INFO  : Hardware design information is loaded from 'C:/soc/HW_1/HW_1.sdk/design_1_wrapper_hw_platform_0/system.hdf'.
23:34:46 INFO  : 'configparams force-mem-access 1' command is executed.
23:34:46 INFO  : Context for 'APU' is selected.
23:34:46 INFO  : 'stop' command is executed.
23:34:47 INFO  : 'ps7_init' command is executed.
23:34:47 INFO  : 'ps7_post_config' command is executed.
23:34:47 INFO  : Context for processor 'ps7_cortexa9_0' is selected.
23:34:47 INFO  : Processor reset is completed for 'ps7_cortexa9_0'.
23:34:47 INFO  : Context for processor 'ps7_cortexa9_0' is selected.
23:34:47 INFO  : The application 'C:/soc/HW_1/HW_1.sdk/LED/Debug/LED.elf' is downloaded to processor 'ps7_cortexa9_0'.
23:34:47 INFO  : 'configparams force-mem-access 0' command is executed.
23:34:47 INFO  : ----------------XSDB Script----------------
connect -url tcp:127.0.0.1:3121
source C:/soc/HW_1/HW_1.sdk/design_1_wrapper_hw_platform_0/ps7_init.tcl
targets -set -nocase -filter {name =~"APU*" && jtag_cable_name =~ "Xilinx TUL 1234-tulA"} -index 0
loadhw -hw C:/soc/HW_1/HW_1.sdk/design_1_wrapper_hw_platform_0/system.hdf -mem-ranges [list {0x40000000 0xbfffffff}]
configparams force-mem-access 1
targets -set -nocase -filter {name =~"APU*" && jtag_cable_name =~ "Xilinx TUL 1234-tulA"} -index 0
stop
ps7_init
ps7_post_config
targets -set -nocase -filter {name =~ "ARM*#0" && jtag_cable_name =~ "Xilinx TUL 1234-tulA"} -index 0
rst -processor
targets -set -nocase -filter {name =~ "ARM*#0" && jtag_cable_name =~ "Xilinx TUL 1234-tulA"} -index 0
dow C:/soc/HW_1/HW_1.sdk/LED/Debug/LED.elf
configparams force-mem-access 0
----------------End of Script----------------

23:34:47 INFO  : Memory regions updated for context APU
23:34:47 INFO  : Context for processor 'ps7_cortexa9_0' is selected.
23:34:47 INFO  : 'con' command is executed.
23:34:47 INFO  : ----------------XSDB Script (After Launch)----------------
targets -set -nocase -filter {name =~ "ARM*#0" && jtag_cable_name =~ "Xilinx TUL 1234-tulA"} -index 0
con
----------------End of Script----------------

23:34:47 INFO  : Launch script is exported to file 'C:\soc\HW_1\HW_1.sdk\.sdk\launch_scripts\xilinx_c-c++_application_(system_debugger)\system_debugger_using_debug_led.elf_on_local.tcl'
23:38:15 INFO  : Disconnected from the channel tcfchan#7.
23:38:16 INFO  : 'targets -set -filter {jtag_cable_name =~ "Xilinx TUL 1234-tulA" && level==0} -index 1' command is executed.
23:38:16 INFO  : 'fpga -state' command is executed.
23:38:16 INFO  : Connected to target on host '127.0.0.1' and port '3121'.
23:38:16 INFO  : Jtag cable 'Xilinx TUL 1234-tulA' is selected.
23:38:16 INFO  : 'jtag frequency' command is executed.
23:38:16 INFO  : Sourcing of 'C:/soc/HW_1/HW_1.sdk/design_1_wrapper_hw_platform_0/ps7_init.tcl' is done.
23:38:16 INFO  : Context for 'APU' is selected.
23:38:17 INFO  : Hardware design information is loaded from 'C:/soc/HW_1/HW_1.sdk/design_1_wrapper_hw_platform_0/system.hdf'.
23:38:17 INFO  : 'configparams force-mem-access 1' command is executed.
23:38:17 INFO  : Context for 'APU' is selected.
23:38:17 INFO  : 'stop' command is executed.
23:38:17 INFO  : 'ps7_init' command is executed.
23:38:17 INFO  : 'ps7_post_config' command is executed.
23:38:17 INFO  : Context for processor 'ps7_cortexa9_0' is selected.
23:38:17 INFO  : Processor reset is completed for 'ps7_cortexa9_0'.
23:38:17 INFO  : Context for processor 'ps7_cortexa9_0' is selected.
23:38:18 INFO  : The application 'C:/soc/HW_1/HW_1.sdk/LED/Debug/LED.elf' is downloaded to processor 'ps7_cortexa9_0'.
23:38:18 INFO  : 'configparams force-mem-access 0' command is executed.
23:38:18 INFO  : ----------------XSDB Script----------------
connect -url tcp:127.0.0.1:3121
source C:/soc/HW_1/HW_1.sdk/design_1_wrapper_hw_platform_0/ps7_init.tcl
targets -set -nocase -filter {name =~"APU*" && jtag_cable_name =~ "Xilinx TUL 1234-tulA"} -index 0
loadhw -hw C:/soc/HW_1/HW_1.sdk/design_1_wrapper_hw_platform_0/system.hdf -mem-ranges [list {0x40000000 0xbfffffff}]
configparams force-mem-access 1
targets -set -nocase -filter {name =~"APU*" && jtag_cable_name =~ "Xilinx TUL 1234-tulA"} -index 0
stop
ps7_init
ps7_post_config
targets -set -nocase -filter {name =~ "ARM*#0" && jtag_cable_name =~ "Xilinx TUL 1234-tulA"} -index 0
rst -processor
targets -set -nocase -filter {name =~ "ARM*#0" && jtag_cable_name =~ "Xilinx TUL 1234-tulA"} -index 0
dow C:/soc/HW_1/HW_1.sdk/LED/Debug/LED.elf
configparams force-mem-access 0
----------------End of Script----------------

23:38:18 INFO  : Memory regions updated for context APU
23:38:18 INFO  : Context for processor 'ps7_cortexa9_0' is selected.
23:38:18 INFO  : 'con' command is executed.
23:38:18 INFO  : ----------------XSDB Script (After Launch)----------------
targets -set -nocase -filter {name =~ "ARM*#0" && jtag_cable_name =~ "Xilinx TUL 1234-tulA"} -index 0
con
----------------End of Script----------------

23:38:18 INFO  : Launch script is exported to file 'C:\soc\HW_1\HW_1.sdk\.sdk\launch_scripts\xilinx_c-c++_application_(system_debugger)\system_debugger_using_debug_led.elf_on_local.tcl'
23:39:12 INFO  : Disconnected from the channel tcfchan#8.
23:39:13 INFO  : 'targets -set -filter {jtag_cable_name =~ "Xilinx TUL 1234-tulA" && level==0} -index 1' command is executed.
23:39:13 INFO  : 'fpga -state' command is executed.
23:39:13 INFO  : Connected to target on host '127.0.0.1' and port '3121'.
23:39:13 INFO  : Jtag cable 'Xilinx TUL 1234-tulA' is selected.
23:39:13 INFO  : 'jtag frequency' command is executed.
23:39:13 INFO  : Sourcing of 'C:/soc/HW_1/HW_1.sdk/design_1_wrapper_hw_platform_0/ps7_init.tcl' is done.
23:39:13 INFO  : Context for 'APU' is selected.
23:39:15 INFO  : Hardware design information is loaded from 'C:/soc/HW_1/HW_1.sdk/design_1_wrapper_hw_platform_0/system.hdf'.
23:39:15 INFO  : 'configparams force-mem-access 1' command is executed.
23:39:15 INFO  : Context for 'APU' is selected.
23:39:15 INFO  : 'stop' command is executed.
23:39:15 INFO  : 'ps7_init' command is executed.
23:39:15 INFO  : 'ps7_post_config' command is executed.
23:39:15 INFO  : Context for processor 'ps7_cortexa9_0' is selected.
23:39:15 INFO  : Processor reset is completed for 'ps7_cortexa9_0'.
23:39:15 INFO  : Context for processor 'ps7_cortexa9_0' is selected.
23:39:15 INFO  : The application 'C:/soc/HW_1/HW_1.sdk/LED/Debug/LED.elf' is downloaded to processor 'ps7_cortexa9_0'.
23:39:15 INFO  : 'configparams force-mem-access 0' command is executed.
23:39:15 INFO  : ----------------XSDB Script----------------
connect -url tcp:127.0.0.1:3121
source C:/soc/HW_1/HW_1.sdk/design_1_wrapper_hw_platform_0/ps7_init.tcl
targets -set -nocase -filter {name =~"APU*" && jtag_cable_name =~ "Xilinx TUL 1234-tulA"} -index 0
loadhw -hw C:/soc/HW_1/HW_1.sdk/design_1_wrapper_hw_platform_0/system.hdf -mem-ranges [list {0x40000000 0xbfffffff}]
configparams force-mem-access 1
targets -set -nocase -filter {name =~"APU*" && jtag_cable_name =~ "Xilinx TUL 1234-tulA"} -index 0
stop
ps7_init
ps7_post_config
targets -set -nocase -filter {name =~ "ARM*#0" && jtag_cable_name =~ "Xilinx TUL 1234-tulA"} -index 0
rst -processor
targets -set -nocase -filter {name =~ "ARM*#0" && jtag_cable_name =~ "Xilinx TUL 1234-tulA"} -index 0
dow C:/soc/HW_1/HW_1.sdk/LED/Debug/LED.elf
configparams force-mem-access 0
----------------End of Script----------------

23:39:15 INFO  : Memory regions updated for context APU
23:39:15 INFO  : Context for processor 'ps7_cortexa9_0' is selected.
23:39:15 INFO  : 'con' command is executed.
23:39:15 INFO  : ----------------XSDB Script (After Launch)----------------
targets -set -nocase -filter {name =~ "ARM*#0" && jtag_cable_name =~ "Xilinx TUL 1234-tulA"} -index 0
con
----------------End of Script----------------

23:39:15 INFO  : Launch script is exported to file 'C:\soc\HW_1\HW_1.sdk\.sdk\launch_scripts\xilinx_c-c++_application_(system_debugger)\system_debugger_using_debug_led.elf_on_local.tcl'
23:42:51 INFO  : Disconnected from the channel tcfchan#9.
23:42:52 INFO  : 'targets -set -filter {jtag_cable_name =~ "Xilinx TUL 1234-tulA" && level==0} -index 1' command is executed.
23:42:52 INFO  : 'fpga -state' command is executed.
23:42:52 INFO  : Connected to target on host '127.0.0.1' and port '3121'.
23:42:53 INFO  : Jtag cable 'Xilinx TUL 1234-tulA' is selected.
23:42:53 INFO  : 'jtag frequency' command is executed.
23:42:53 INFO  : Sourcing of 'C:/soc/HW_1/HW_1.sdk/design_1_wrapper_hw_platform_0/ps7_init.tcl' is done.
23:42:53 INFO  : Context for 'APU' is selected.
23:42:54 INFO  : Hardware design information is loaded from 'C:/soc/HW_1/HW_1.sdk/design_1_wrapper_hw_platform_0/system.hdf'.
23:42:54 INFO  : 'configparams force-mem-access 1' command is executed.
23:42:54 INFO  : Context for 'APU' is selected.
23:42:54 INFO  : 'stop' command is executed.
23:42:54 INFO  : 'ps7_init' command is executed.
23:42:54 INFO  : 'ps7_post_config' command is executed.
23:42:54 INFO  : Context for processor 'ps7_cortexa9_0' is selected.
23:42:54 INFO  : Processor reset is completed for 'ps7_cortexa9_0'.
23:42:54 INFO  : Context for processor 'ps7_cortexa9_0' is selected.
23:42:55 INFO  : The application 'C:/soc/HW_1/HW_1.sdk/LED/Debug/LED.elf' is downloaded to processor 'ps7_cortexa9_0'.
23:42:55 INFO  : 'configparams force-mem-access 0' command is executed.
23:42:55 INFO  : ----------------XSDB Script----------------
connect -url tcp:127.0.0.1:3121
source C:/soc/HW_1/HW_1.sdk/design_1_wrapper_hw_platform_0/ps7_init.tcl
targets -set -nocase -filter {name =~"APU*" && jtag_cable_name =~ "Xilinx TUL 1234-tulA"} -index 0
loadhw -hw C:/soc/HW_1/HW_1.sdk/design_1_wrapper_hw_platform_0/system.hdf -mem-ranges [list {0x40000000 0xbfffffff}]
configparams force-mem-access 1
targets -set -nocase -filter {name =~"APU*" && jtag_cable_name =~ "Xilinx TUL 1234-tulA"} -index 0
stop
ps7_init
ps7_post_config
targets -set -nocase -filter {name =~ "ARM*#0" && jtag_cable_name =~ "Xilinx TUL 1234-tulA"} -index 0
rst -processor
targets -set -nocase -filter {name =~ "ARM*#0" && jtag_cable_name =~ "Xilinx TUL 1234-tulA"} -index 0
dow C:/soc/HW_1/HW_1.sdk/LED/Debug/LED.elf
configparams force-mem-access 0
----------------End of Script----------------

23:42:55 INFO  : Memory regions updated for context APU
23:42:55 INFO  : Context for processor 'ps7_cortexa9_0' is selected.
23:42:55 INFO  : 'con' command is executed.
23:42:55 INFO  : ----------------XSDB Script (After Launch)----------------
targets -set -nocase -filter {name =~ "ARM*#0" && jtag_cable_name =~ "Xilinx TUL 1234-tulA"} -index 0
con
----------------End of Script----------------

23:42:55 INFO  : Launch script is exported to file 'C:\soc\HW_1\HW_1.sdk\.sdk\launch_scripts\xilinx_c-c++_application_(system_debugger)\system_debugger_using_debug_led.elf_on_local.tcl'
23:44:29 INFO  : Disconnected from the channel tcfchan#10.
23:44:30 INFO  : 'targets -set -filter {jtag_cable_name =~ "Xilinx TUL 1234-tulA" && level==0} -index 1' command is executed.
23:44:30 INFO  : 'fpga -state' command is executed.
23:44:30 INFO  : Connected to target on host '127.0.0.1' and port '3121'.
23:44:30 INFO  : Jtag cable 'Xilinx TUL 1234-tulA' is selected.
23:44:30 INFO  : 'jtag frequency' command is executed.
23:44:30 INFO  : Sourcing of 'C:/soc/HW_1/HW_1.sdk/design_1_wrapper_hw_platform_0/ps7_init.tcl' is done.
23:44:30 INFO  : Context for 'APU' is selected.
23:44:31 INFO  : Hardware design information is loaded from 'C:/soc/HW_1/HW_1.sdk/design_1_wrapper_hw_platform_0/system.hdf'.
23:44:31 INFO  : 'configparams force-mem-access 1' command is executed.
23:44:31 INFO  : Context for 'APU' is selected.
23:44:31 INFO  : 'stop' command is executed.
23:44:32 INFO  : 'ps7_init' command is executed.
23:44:32 INFO  : 'ps7_post_config' command is executed.
23:44:32 INFO  : Context for processor 'ps7_cortexa9_0' is selected.
23:44:32 INFO  : Processor reset is completed for 'ps7_cortexa9_0'.
23:44:32 INFO  : Context for processor 'ps7_cortexa9_0' is selected.
23:44:32 INFO  : The application 'C:/soc/HW_1/HW_1.sdk/LED/Debug/LED.elf' is downloaded to processor 'ps7_cortexa9_0'.
23:44:32 INFO  : 'configparams force-mem-access 0' command is executed.
23:44:32 INFO  : ----------------XSDB Script----------------
connect -url tcp:127.0.0.1:3121
source C:/soc/HW_1/HW_1.sdk/design_1_wrapper_hw_platform_0/ps7_init.tcl
targets -set -nocase -filter {name =~"APU*" && jtag_cable_name =~ "Xilinx TUL 1234-tulA"} -index 0
loadhw -hw C:/soc/HW_1/HW_1.sdk/design_1_wrapper_hw_platform_0/system.hdf -mem-ranges [list {0x40000000 0xbfffffff}]
configparams force-mem-access 1
targets -set -nocase -filter {name =~"APU*" && jtag_cable_name =~ "Xilinx TUL 1234-tulA"} -index 0
stop
ps7_init
ps7_post_config
targets -set -nocase -filter {name =~ "ARM*#0" && jtag_cable_name =~ "Xilinx TUL 1234-tulA"} -index 0
rst -processor
targets -set -nocase -filter {name =~ "ARM*#0" && jtag_cable_name =~ "Xilinx TUL 1234-tulA"} -index 0
dow C:/soc/HW_1/HW_1.sdk/LED/Debug/LED.elf
configparams force-mem-access 0
----------------End of Script----------------

23:44:32 INFO  : Memory regions updated for context APU
23:44:32 INFO  : Context for processor 'ps7_cortexa9_0' is selected.
23:44:32 INFO  : 'con' command is executed.
23:44:32 INFO  : ----------------XSDB Script (After Launch)----------------
targets -set -nocase -filter {name =~ "ARM*#0" && jtag_cable_name =~ "Xilinx TUL 1234-tulA"} -index 0
con
----------------End of Script----------------

23:44:32 INFO  : Launch script is exported to file 'C:\soc\HW_1\HW_1.sdk\.sdk\launch_scripts\xilinx_c-c++_application_(system_debugger)\system_debugger_using_debug_led.elf_on_local.tcl'
23:46:18 INFO  : Connected to target on host '127.0.0.1' and port '3121'.
23:46:18 INFO  : 'targets -set -filter {jtag_cable_name =~ "Xilinx TUL 1234-tulA" && level==0} -index 1' command is executed.
23:46:21 INFO  : FPGA configured successfully with bitstream "C:/soc/HW_1/HW_1.sdk/design_1_wrapper_hw_platform_0/design_1_wrapper.bit"
23:46:29 INFO  : Disconnected from the channel tcfchan#11.
23:46:30 INFO  : 'targets -set -filter {jtag_cable_name =~ "Xilinx TUL 1234-tulA" && level==0} -index 1' command is executed.
23:46:30 INFO  : 'fpga -state' command is executed.
23:46:30 INFO  : Connected to target on host '127.0.0.1' and port '3121'.
23:46:30 INFO  : Jtag cable 'Xilinx TUL 1234-tulA' is selected.
23:46:30 INFO  : 'jtag frequency' command is executed.
23:46:30 INFO  : Sourcing of 'C:/soc/HW_1/HW_1.sdk/design_1_wrapper_hw_platform_0/ps7_init.tcl' is done.
23:46:30 INFO  : Context for 'APU' is selected.
23:46:32 INFO  : Hardware design information is loaded from 'C:/soc/HW_1/HW_1.sdk/design_1_wrapper_hw_platform_0/system.hdf'.
23:46:32 INFO  : 'configparams force-mem-access 1' command is executed.
23:46:32 INFO  : Context for 'APU' is selected.
23:46:32 INFO  : 'stop' command is executed.
23:46:32 INFO  : 'ps7_init' command is executed.
23:46:32 INFO  : 'ps7_post_config' command is executed.
23:46:32 INFO  : Context for processor 'ps7_cortexa9_0' is selected.
23:46:32 INFO  : Processor reset is completed for 'ps7_cortexa9_0'.
23:46:32 INFO  : Context for processor 'ps7_cortexa9_0' is selected.
23:46:32 INFO  : The application 'C:/soc/HW_1/HW_1.sdk/LED/Debug/LED.elf' is downloaded to processor 'ps7_cortexa9_0'.
23:46:32 INFO  : 'configparams force-mem-access 0' command is executed.
23:46:32 INFO  : ----------------XSDB Script----------------
connect -url tcp:127.0.0.1:3121
source C:/soc/HW_1/HW_1.sdk/design_1_wrapper_hw_platform_0/ps7_init.tcl
targets -set -nocase -filter {name =~"APU*" && jtag_cable_name =~ "Xilinx TUL 1234-tulA"} -index 0
loadhw -hw C:/soc/HW_1/HW_1.sdk/design_1_wrapper_hw_platform_0/system.hdf -mem-ranges [list {0x40000000 0xbfffffff}]
configparams force-mem-access 1
targets -set -nocase -filter {name =~"APU*" && jtag_cable_name =~ "Xilinx TUL 1234-tulA"} -index 0
stop
ps7_init
ps7_post_config
targets -set -nocase -filter {name =~ "ARM*#0" && jtag_cable_name =~ "Xilinx TUL 1234-tulA"} -index 0
rst -processor
targets -set -nocase -filter {name =~ "ARM*#0" && jtag_cable_name =~ "Xilinx TUL 1234-tulA"} -index 0
dow C:/soc/HW_1/HW_1.sdk/LED/Debug/LED.elf
configparams force-mem-access 0
----------------End of Script----------------

23:46:32 INFO  : Memory regions updated for context APU
23:46:33 INFO  : Context for processor 'ps7_cortexa9_0' is selected.
23:46:33 INFO  : 'con' command is executed.
23:46:33 INFO  : ----------------XSDB Script (After Launch)----------------
targets -set -nocase -filter {name =~ "ARM*#0" && jtag_cable_name =~ "Xilinx TUL 1234-tulA"} -index 0
con
----------------End of Script----------------

23:46:33 INFO  : Launch script is exported to file 'C:\soc\HW_1\HW_1.sdk\.sdk\launch_scripts\xilinx_c-c++_application_(system_debugger)\system_debugger_using_debug_led.elf_on_local.tcl'
23:48:28 INFO  : Disconnected from the channel tcfchan#12.
23:48:29 INFO  : 'targets -set -filter {jtag_cable_name =~ "Xilinx TUL 1234-tulA" && level==0} -index 1' command is executed.
23:48:29 INFO  : 'fpga -state' command is executed.
23:48:29 INFO  : Connected to target on host '127.0.0.1' and port '3121'.
23:48:29 INFO  : Jtag cable 'Xilinx TUL 1234-tulA' is selected.
23:48:29 INFO  : 'jtag frequency' command is executed.
23:48:29 INFO  : Sourcing of 'C:/soc/HW_1/HW_1.sdk/design_1_wrapper_hw_platform_0/ps7_init.tcl' is done.
23:48:29 INFO  : Context for 'APU' is selected.
23:48:30 INFO  : Hardware design information is loaded from 'C:/soc/HW_1/HW_1.sdk/design_1_wrapper_hw_platform_0/system.hdf'.
23:48:30 INFO  : 'configparams force-mem-access 1' command is executed.
23:48:30 INFO  : Context for 'APU' is selected.
23:48:30 INFO  : 'stop' command is executed.
23:48:31 INFO  : 'ps7_init' command is executed.
23:48:31 INFO  : 'ps7_post_config' command is executed.
23:48:31 INFO  : Context for processor 'ps7_cortexa9_0' is selected.
23:48:31 INFO  : Processor reset is completed for 'ps7_cortexa9_0'.
23:48:31 INFO  : Context for processor 'ps7_cortexa9_0' is selected.
23:48:31 INFO  : The application 'C:/soc/HW_1/HW_1.sdk/LED/Debug/LED.elf' is downloaded to processor 'ps7_cortexa9_0'.
23:48:31 INFO  : 'configparams force-mem-access 0' command is executed.
23:48:31 INFO  : ----------------XSDB Script----------------
connect -url tcp:127.0.0.1:3121
source C:/soc/HW_1/HW_1.sdk/design_1_wrapper_hw_platform_0/ps7_init.tcl
targets -set -nocase -filter {name =~"APU*" && jtag_cable_name =~ "Xilinx TUL 1234-tulA"} -index 0
loadhw -hw C:/soc/HW_1/HW_1.sdk/design_1_wrapper_hw_platform_0/system.hdf -mem-ranges [list {0x40000000 0xbfffffff}]
configparams force-mem-access 1
targets -set -nocase -filter {name =~"APU*" && jtag_cable_name =~ "Xilinx TUL 1234-tulA"} -index 0
stop
ps7_init
ps7_post_config
targets -set -nocase -filter {name =~ "ARM*#0" && jtag_cable_name =~ "Xilinx TUL 1234-tulA"} -index 0
rst -processor
targets -set -nocase -filter {name =~ "ARM*#0" && jtag_cable_name =~ "Xilinx TUL 1234-tulA"} -index 0
dow C:/soc/HW_1/HW_1.sdk/LED/Debug/LED.elf
configparams force-mem-access 0
----------------End of Script----------------

23:48:31 INFO  : Memory regions updated for context APU
23:48:31 INFO  : Context for processor 'ps7_cortexa9_0' is selected.
23:48:31 INFO  : 'con' command is executed.
23:48:31 INFO  : ----------------XSDB Script (After Launch)----------------
targets -set -nocase -filter {name =~ "ARM*#0" && jtag_cable_name =~ "Xilinx TUL 1234-tulA"} -index 0
con
----------------End of Script----------------

23:48:31 INFO  : Launch script is exported to file 'C:\soc\HW_1\HW_1.sdk\.sdk\launch_scripts\xilinx_c-c++_application_(system_debugger)\system_debugger_using_debug_led.elf_on_local.tcl'
23:51:19 INFO  : Disconnected from the channel tcfchan#13.
23:51:20 INFO  : 'targets -set -filter {jtag_cable_name =~ "Xilinx TUL 1234-tulA" && level==0} -index 1' command is executed.
23:51:20 INFO  : 'fpga -state' command is executed.
23:51:20 INFO  : Connected to target on host '127.0.0.1' and port '3121'.
23:51:21 INFO  : Jtag cable 'Xilinx TUL 1234-tulA' is selected.
23:51:21 INFO  : 'jtag frequency' command is executed.
23:51:21 INFO  : Sourcing of 'C:/soc/HW_1/HW_1.sdk/design_1_wrapper_hw_platform_0/ps7_init.tcl' is done.
23:51:21 INFO  : Context for 'APU' is selected.
23:51:22 INFO  : Hardware design information is loaded from 'C:/soc/HW_1/HW_1.sdk/design_1_wrapper_hw_platform_0/system.hdf'.
23:51:22 INFO  : 'configparams force-mem-access 1' command is executed.
23:51:22 INFO  : Context for 'APU' is selected.
23:51:22 INFO  : 'stop' command is executed.
23:51:22 INFO  : 'ps7_init' command is executed.
23:51:22 INFO  : 'ps7_post_config' command is executed.
23:51:22 INFO  : Context for processor 'ps7_cortexa9_0' is selected.
23:51:22 INFO  : Processor reset is completed for 'ps7_cortexa9_0'.
23:51:22 INFO  : Context for processor 'ps7_cortexa9_0' is selected.
23:51:23 INFO  : The application 'C:/soc/HW_1/HW_1.sdk/LED/Debug/LED.elf' is downloaded to processor 'ps7_cortexa9_0'.
23:51:23 INFO  : 'configparams force-mem-access 0' command is executed.
23:51:23 INFO  : ----------------XSDB Script----------------
connect -url tcp:127.0.0.1:3121
source C:/soc/HW_1/HW_1.sdk/design_1_wrapper_hw_platform_0/ps7_init.tcl
targets -set -nocase -filter {name =~"APU*" && jtag_cable_name =~ "Xilinx TUL 1234-tulA"} -index 0
loadhw -hw C:/soc/HW_1/HW_1.sdk/design_1_wrapper_hw_platform_0/system.hdf -mem-ranges [list {0x40000000 0xbfffffff}]
configparams force-mem-access 1
targets -set -nocase -filter {name =~"APU*" && jtag_cable_name =~ "Xilinx TUL 1234-tulA"} -index 0
stop
ps7_init
ps7_post_config
targets -set -nocase -filter {name =~ "ARM*#0" && jtag_cable_name =~ "Xilinx TUL 1234-tulA"} -index 0
rst -processor
targets -set -nocase -filter {name =~ "ARM*#0" && jtag_cable_name =~ "Xilinx TUL 1234-tulA"} -index 0
dow C:/soc/HW_1/HW_1.sdk/LED/Debug/LED.elf
configparams force-mem-access 0
----------------End of Script----------------

23:51:23 INFO  : Memory regions updated for context APU
23:51:23 INFO  : Context for processor 'ps7_cortexa9_0' is selected.
23:51:23 INFO  : 'con' command is executed.
23:51:23 INFO  : ----------------XSDB Script (After Launch)----------------
targets -set -nocase -filter {name =~ "ARM*#0" && jtag_cable_name =~ "Xilinx TUL 1234-tulA"} -index 0
con
----------------End of Script----------------

23:51:23 INFO  : Launch script is exported to file 'C:\soc\HW_1\HW_1.sdk\.sdk\launch_scripts\xilinx_c-c++_application_(system_debugger)\system_debugger_using_debug_led.elf_on_local.tcl'
23:52:15 INFO  : Connected to target on host '127.0.0.1' and port '3121'.
23:52:15 INFO  : 'targets -set -filter {jtag_cable_name =~ "Xilinx TUL 1234-tulA" && level==0} -index 1' command is executed.
23:52:17 INFO  : FPGA configured successfully with bitstream "C:/soc/HW_1/HW_1.sdk/design_1_wrapper_hw_platform_0/design_1_wrapper.bit"
23:52:22 INFO  : Disconnected from the channel tcfchan#14.
23:52:23 INFO  : 'targets -set -filter {jtag_cable_name =~ "Xilinx TUL 1234-tulA" && level==0} -index 1' command is executed.
23:52:23 INFO  : 'fpga -state' command is executed.
23:52:23 INFO  : Connected to target on host '127.0.0.1' and port '3121'.
23:52:24 INFO  : Jtag cable 'Xilinx TUL 1234-tulA' is selected.
23:52:24 INFO  : 'jtag frequency' command is executed.
23:52:24 INFO  : Sourcing of 'C:/soc/HW_1/HW_1.sdk/design_1_wrapper_hw_platform_0/ps7_init.tcl' is done.
23:52:24 INFO  : Context for 'APU' is selected.
23:52:25 INFO  : Hardware design information is loaded from 'C:/soc/HW_1/HW_1.sdk/design_1_wrapper_hw_platform_0/system.hdf'.
23:52:25 INFO  : 'configparams force-mem-access 1' command is executed.
23:52:25 INFO  : Context for 'APU' is selected.
23:52:25 INFO  : 'stop' command is executed.
23:52:25 INFO  : 'ps7_init' command is executed.
23:52:25 INFO  : 'ps7_post_config' command is executed.
23:52:25 INFO  : Context for processor 'ps7_cortexa9_0' is selected.
23:52:25 INFO  : Processor reset is completed for 'ps7_cortexa9_0'.
23:52:25 INFO  : Context for processor 'ps7_cortexa9_0' is selected.
23:52:26 INFO  : The application 'C:/soc/HW_1/HW_1.sdk/LED/Debug/LED.elf' is downloaded to processor 'ps7_cortexa9_0'.
23:52:26 INFO  : 'configparams force-mem-access 0' command is executed.
23:52:26 INFO  : ----------------XSDB Script----------------
connect -url tcp:127.0.0.1:3121
source C:/soc/HW_1/HW_1.sdk/design_1_wrapper_hw_platform_0/ps7_init.tcl
targets -set -nocase -filter {name =~"APU*" && jtag_cable_name =~ "Xilinx TUL 1234-tulA"} -index 0
loadhw -hw C:/soc/HW_1/HW_1.sdk/design_1_wrapper_hw_platform_0/system.hdf -mem-ranges [list {0x40000000 0xbfffffff}]
configparams force-mem-access 1
targets -set -nocase -filter {name =~"APU*" && jtag_cable_name =~ "Xilinx TUL 1234-tulA"} -index 0
stop
ps7_init
ps7_post_config
targets -set -nocase -filter {name =~ "ARM*#0" && jtag_cable_name =~ "Xilinx TUL 1234-tulA"} -index 0
rst -processor
targets -set -nocase -filter {name =~ "ARM*#0" && jtag_cable_name =~ "Xilinx TUL 1234-tulA"} -index 0
dow C:/soc/HW_1/HW_1.sdk/LED/Debug/LED.elf
configparams force-mem-access 0
----------------End of Script----------------

23:52:26 INFO  : Memory regions updated for context APU
23:52:26 INFO  : Context for processor 'ps7_cortexa9_0' is selected.
23:52:26 INFO  : 'con' command is executed.
23:52:26 INFO  : ----------------XSDB Script (After Launch)----------------
targets -set -nocase -filter {name =~ "ARM*#0" && jtag_cable_name =~ "Xilinx TUL 1234-tulA"} -index 0
con
----------------End of Script----------------

23:52:26 INFO  : Launch script is exported to file 'C:\soc\HW_1\HW_1.sdk\.sdk\launch_scripts\xilinx_c-c++_application_(system_debugger)\system_debugger_using_debug_led.elf_on_local.tcl'
23:54:09 INFO  : Disconnected from the channel tcfchan#15.
23:54:10 INFO  : 'targets -set -filter {jtag_cable_name =~ "Xilinx TUL 1234-tulA" && level==0} -index 1' command is executed.
23:54:11 INFO  : 'fpga -state' command is executed.
23:54:11 INFO  : Connected to target on host '127.0.0.1' and port '3121'.
23:54:11 INFO  : Jtag cable 'Xilinx TUL 1234-tulA' is selected.
23:54:11 INFO  : 'jtag frequency' command is executed.
23:54:11 INFO  : Sourcing of 'C:/soc/HW_1/HW_1.sdk/design_1_wrapper_hw_platform_0/ps7_init.tcl' is done.
23:54:11 INFO  : Context for 'APU' is selected.
23:54:12 INFO  : Hardware design information is loaded from 'C:/soc/HW_1/HW_1.sdk/design_1_wrapper_hw_platform_0/system.hdf'.
23:54:12 INFO  : 'configparams force-mem-access 1' command is executed.
23:54:12 INFO  : Context for 'APU' is selected.
23:54:12 INFO  : 'stop' command is executed.
23:54:12 INFO  : 'ps7_init' command is executed.
23:54:12 INFO  : 'ps7_post_config' command is executed.
23:54:12 INFO  : Context for processor 'ps7_cortexa9_0' is selected.
23:54:12 INFO  : Processor reset is completed for 'ps7_cortexa9_0'.
23:54:12 INFO  : Context for processor 'ps7_cortexa9_0' is selected.
23:54:12 INFO  : The application 'C:/soc/HW_1/HW_1.sdk/LED/Debug/LED.elf' is downloaded to processor 'ps7_cortexa9_0'.
23:54:12 INFO  : 'configparams force-mem-access 0' command is executed.
23:54:12 INFO  : ----------------XSDB Script----------------
connect -url tcp:127.0.0.1:3121
source C:/soc/HW_1/HW_1.sdk/design_1_wrapper_hw_platform_0/ps7_init.tcl
targets -set -nocase -filter {name =~"APU*" && jtag_cable_name =~ "Xilinx TUL 1234-tulA"} -index 0
loadhw -hw C:/soc/HW_1/HW_1.sdk/design_1_wrapper_hw_platform_0/system.hdf -mem-ranges [list {0x40000000 0xbfffffff}]
configparams force-mem-access 1
targets -set -nocase -filter {name =~"APU*" && jtag_cable_name =~ "Xilinx TUL 1234-tulA"} -index 0
stop
ps7_init
ps7_post_config
targets -set -nocase -filter {name =~ "ARM*#0" && jtag_cable_name =~ "Xilinx TUL 1234-tulA"} -index 0
rst -processor
targets -set -nocase -filter {name =~ "ARM*#0" && jtag_cable_name =~ "Xilinx TUL 1234-tulA"} -index 0
dow C:/soc/HW_1/HW_1.sdk/LED/Debug/LED.elf
configparams force-mem-access 0
----------------End of Script----------------

23:54:13 INFO  : Memory regions updated for context APU
23:54:13 INFO  : Context for processor 'ps7_cortexa9_0' is selected.
23:54:13 INFO  : 'con' command is executed.
23:54:13 INFO  : ----------------XSDB Script (After Launch)----------------
targets -set -nocase -filter {name =~ "ARM*#0" && jtag_cable_name =~ "Xilinx TUL 1234-tulA"} -index 0
con
----------------End of Script----------------

23:54:13 INFO  : Launch script is exported to file 'C:\soc\HW_1\HW_1.sdk\.sdk\launch_scripts\xilinx_c-c++_application_(system_debugger)\system_debugger_using_debug_led.elf_on_local.tcl'
23:56:01 INFO  : Disconnected from the channel tcfchan#16.
23:56:02 INFO  : 'targets -set -filter {jtag_cable_name =~ "Xilinx TUL 1234-tulA" && level==0} -index 1' command is executed.
23:56:02 INFO  : 'fpga -state' command is executed.
23:56:02 INFO  : Connected to target on host '127.0.0.1' and port '3121'.
23:56:02 INFO  : Jtag cable 'Xilinx TUL 1234-tulA' is selected.
23:56:02 INFO  : 'jtag frequency' command is executed.
23:56:02 INFO  : Sourcing of 'C:/soc/HW_1/HW_1.sdk/design_1_wrapper_hw_platform_0/ps7_init.tcl' is done.
23:56:02 INFO  : Context for 'APU' is selected.
23:56:03 INFO  : Hardware design information is loaded from 'C:/soc/HW_1/HW_1.sdk/design_1_wrapper_hw_platform_0/system.hdf'.
23:56:03 INFO  : 'configparams force-mem-access 1' command is executed.
23:56:03 INFO  : Context for 'APU' is selected.
23:56:03 INFO  : 'stop' command is executed.
23:56:04 INFO  : 'ps7_init' command is executed.
23:56:04 INFO  : 'ps7_post_config' command is executed.
23:56:04 INFO  : Context for processor 'ps7_cortexa9_0' is selected.
23:56:04 INFO  : Processor reset is completed for 'ps7_cortexa9_0'.
23:56:04 INFO  : Context for processor 'ps7_cortexa9_0' is selected.
23:56:04 INFO  : The application 'C:/soc/HW_1/HW_1.sdk/LED/Debug/LED.elf' is downloaded to processor 'ps7_cortexa9_0'.
23:56:04 INFO  : 'configparams force-mem-access 0' command is executed.
23:56:04 INFO  : ----------------XSDB Script----------------
connect -url tcp:127.0.0.1:3121
source C:/soc/HW_1/HW_1.sdk/design_1_wrapper_hw_platform_0/ps7_init.tcl
targets -set -nocase -filter {name =~"APU*" && jtag_cable_name =~ "Xilinx TUL 1234-tulA"} -index 0
loadhw -hw C:/soc/HW_1/HW_1.sdk/design_1_wrapper_hw_platform_0/system.hdf -mem-ranges [list {0x40000000 0xbfffffff}]
configparams force-mem-access 1
targets -set -nocase -filter {name =~"APU*" && jtag_cable_name =~ "Xilinx TUL 1234-tulA"} -index 0
stop
ps7_init
ps7_post_config
targets -set -nocase -filter {name =~ "ARM*#0" && jtag_cable_name =~ "Xilinx TUL 1234-tulA"} -index 0
rst -processor
targets -set -nocase -filter {name =~ "ARM*#0" && jtag_cable_name =~ "Xilinx TUL 1234-tulA"} -index 0
dow C:/soc/HW_1/HW_1.sdk/LED/Debug/LED.elf
configparams force-mem-access 0
----------------End of Script----------------

23:56:04 INFO  : Memory regions updated for context APU
23:56:04 INFO  : Context for processor 'ps7_cortexa9_0' is selected.
23:56:04 INFO  : 'con' command is executed.
23:56:04 INFO  : ----------------XSDB Script (After Launch)----------------
targets -set -nocase -filter {name =~ "ARM*#0" && jtag_cable_name =~ "Xilinx TUL 1234-tulA"} -index 0
con
----------------End of Script----------------

23:56:04 INFO  : Launch script is exported to file 'C:\soc\HW_1\HW_1.sdk\.sdk\launch_scripts\xilinx_c-c++_application_(system_debugger)\system_debugger_using_debug_led.elf_on_local.tcl'
23:58:01 INFO  : Disconnected from the channel tcfchan#17.
23:58:02 INFO  : 'targets -set -filter {jtag_cable_name =~ "Xilinx TUL 1234-tulA" && level==0} -index 1' command is executed.
23:58:02 INFO  : 'fpga -state' command is executed.
23:58:02 INFO  : Connected to target on host '127.0.0.1' and port '3121'.
23:58:02 INFO  : Jtag cable 'Xilinx TUL 1234-tulA' is selected.
23:58:02 INFO  : 'jtag frequency' command is executed.
23:58:02 INFO  : Sourcing of 'C:/soc/HW_1/HW_1.sdk/design_1_wrapper_hw_platform_0/ps7_init.tcl' is done.
23:58:02 INFO  : Context for 'APU' is selected.
23:58:04 INFO  : Hardware design information is loaded from 'C:/soc/HW_1/HW_1.sdk/design_1_wrapper_hw_platform_0/system.hdf'.
23:58:04 INFO  : 'configparams force-mem-access 1' command is executed.
23:58:04 INFO  : Context for 'APU' is selected.
23:58:04 INFO  : 'stop' command is executed.
23:58:04 INFO  : 'ps7_init' command is executed.
23:58:04 INFO  : 'ps7_post_config' command is executed.
23:58:04 INFO  : Context for processor 'ps7_cortexa9_0' is selected.
23:58:04 INFO  : Processor reset is completed for 'ps7_cortexa9_0'.
23:58:04 INFO  : Context for processor 'ps7_cortexa9_0' is selected.
23:58:04 INFO  : The application 'C:/soc/HW_1/HW_1.sdk/LED/Debug/LED.elf' is downloaded to processor 'ps7_cortexa9_0'.
23:58:04 INFO  : 'configparams force-mem-access 0' command is executed.
23:58:04 INFO  : ----------------XSDB Script----------------
connect -url tcp:127.0.0.1:3121
source C:/soc/HW_1/HW_1.sdk/design_1_wrapper_hw_platform_0/ps7_init.tcl
targets -set -nocase -filter {name =~"APU*" && jtag_cable_name =~ "Xilinx TUL 1234-tulA"} -index 0
loadhw -hw C:/soc/HW_1/HW_1.sdk/design_1_wrapper_hw_platform_0/system.hdf -mem-ranges [list {0x40000000 0xbfffffff}]
configparams force-mem-access 1
targets -set -nocase -filter {name =~"APU*" && jtag_cable_name =~ "Xilinx TUL 1234-tulA"} -index 0
stop
ps7_init
ps7_post_config
targets -set -nocase -filter {name =~ "ARM*#0" && jtag_cable_name =~ "Xilinx TUL 1234-tulA"} -index 0
rst -processor
targets -set -nocase -filter {name =~ "ARM*#0" && jtag_cable_name =~ "Xilinx TUL 1234-tulA"} -index 0
dow C:/soc/HW_1/HW_1.sdk/LED/Debug/LED.elf
configparams force-mem-access 0
----------------End of Script----------------

23:58:04 INFO  : Memory regions updated for context APU
23:58:04 INFO  : Context for processor 'ps7_cortexa9_0' is selected.
23:58:04 INFO  : 'con' command is executed.
23:58:04 INFO  : ----------------XSDB Script (After Launch)----------------
targets -set -nocase -filter {name =~ "ARM*#0" && jtag_cable_name =~ "Xilinx TUL 1234-tulA"} -index 0
con
----------------End of Script----------------

23:58:04 INFO  : Launch script is exported to file 'C:\soc\HW_1\HW_1.sdk\.sdk\launch_scripts\xilinx_c-c++_application_(system_debugger)\system_debugger_using_debug_led.elf_on_local.tcl'
00:02:18 INFO  : Disconnected from the channel tcfchan#18.
00:02:19 INFO  : 'targets -set -filter {jtag_cable_name =~ "Xilinx TUL 1234-tulA" && level==0} -index 1' command is executed.
00:02:19 INFO  : 'fpga -state' command is executed.
00:02:19 INFO  : Connected to target on host '127.0.0.1' and port '3121'.
00:02:19 INFO  : Jtag cable 'Xilinx TUL 1234-tulA' is selected.
00:02:19 INFO  : 'jtag frequency' command is executed.
00:02:19 INFO  : Sourcing of 'C:/soc/HW_1/HW_1.sdk/design_1_wrapper_hw_platform_0/ps7_init.tcl' is done.
00:02:19 INFO  : Context for 'APU' is selected.
00:02:20 INFO  : Hardware design information is loaded from 'C:/soc/HW_1/HW_1.sdk/design_1_wrapper_hw_platform_0/system.hdf'.
00:02:20 INFO  : 'configparams force-mem-access 1' command is executed.
00:02:20 INFO  : Context for 'APU' is selected.
00:02:20 INFO  : 'stop' command is executed.
00:02:21 INFO  : 'ps7_init' command is executed.
00:02:21 INFO  : 'ps7_post_config' command is executed.
00:02:21 INFO  : Context for processor 'ps7_cortexa9_0' is selected.
00:02:21 INFO  : Processor reset is completed for 'ps7_cortexa9_0'.
00:02:21 INFO  : Context for processor 'ps7_cortexa9_0' is selected.
00:02:21 INFO  : The application 'C:/soc/HW_1/HW_1.sdk/LED/Debug/LED.elf' is downloaded to processor 'ps7_cortexa9_0'.
00:02:21 INFO  : 'configparams force-mem-access 0' command is executed.
00:02:21 INFO  : ----------------XSDB Script----------------
connect -url tcp:127.0.0.1:3121
source C:/soc/HW_1/HW_1.sdk/design_1_wrapper_hw_platform_0/ps7_init.tcl
targets -set -nocase -filter {name =~"APU*" && jtag_cable_name =~ "Xilinx TUL 1234-tulA"} -index 0
loadhw -hw C:/soc/HW_1/HW_1.sdk/design_1_wrapper_hw_platform_0/system.hdf -mem-ranges [list {0x40000000 0xbfffffff}]
configparams force-mem-access 1
targets -set -nocase -filter {name =~"APU*" && jtag_cable_name =~ "Xilinx TUL 1234-tulA"} -index 0
stop
ps7_init
ps7_post_config
targets -set -nocase -filter {name =~ "ARM*#0" && jtag_cable_name =~ "Xilinx TUL 1234-tulA"} -index 0
rst -processor
targets -set -nocase -filter {name =~ "ARM*#0" && jtag_cable_name =~ "Xilinx TUL 1234-tulA"} -index 0
dow C:/soc/HW_1/HW_1.sdk/LED/Debug/LED.elf
configparams force-mem-access 0
----------------End of Script----------------

00:02:21 INFO  : Memory regions updated for context APU
00:02:21 INFO  : Context for processor 'ps7_cortexa9_0' is selected.
00:02:21 INFO  : 'con' command is executed.
00:02:21 INFO  : ----------------XSDB Script (After Launch)----------------
targets -set -nocase -filter {name =~ "ARM*#0" && jtag_cable_name =~ "Xilinx TUL 1234-tulA"} -index 0
con
----------------End of Script----------------

00:02:21 INFO  : Launch script is exported to file 'C:\soc\HW_1\HW_1.sdk\.sdk\launch_scripts\xilinx_c-c++_application_(system_debugger)\system_debugger_using_debug_led.elf_on_local.tcl'
00:04:33 INFO  : Disconnected from the channel tcfchan#19.
00:04:34 INFO  : 'targets -set -filter {jtag_cable_name =~ "Xilinx TUL 1234-tulA" && level==0} -index 1' command is executed.
00:04:34 INFO  : 'fpga -state' command is executed.
00:04:34 INFO  : Connected to target on host '127.0.0.1' and port '3121'.
00:04:34 INFO  : Jtag cable 'Xilinx TUL 1234-tulA' is selected.
00:04:34 INFO  : 'jtag frequency' command is executed.
00:04:34 INFO  : Sourcing of 'C:/soc/HW_1/HW_1.sdk/design_1_wrapper_hw_platform_0/ps7_init.tcl' is done.
00:04:34 INFO  : Context for 'APU' is selected.
00:04:36 INFO  : Hardware design information is loaded from 'C:/soc/HW_1/HW_1.sdk/design_1_wrapper_hw_platform_0/system.hdf'.
00:04:36 INFO  : 'configparams force-mem-access 1' command is executed.
00:04:36 INFO  : Context for 'APU' is selected.
00:04:36 INFO  : 'stop' command is executed.
00:04:36 INFO  : 'ps7_init' command is executed.
00:04:36 INFO  : 'ps7_post_config' command is executed.
00:04:36 INFO  : Context for processor 'ps7_cortexa9_0' is selected.
00:04:36 INFO  : Processor reset is completed for 'ps7_cortexa9_0'.
00:04:36 INFO  : Context for processor 'ps7_cortexa9_0' is selected.
00:04:36 INFO  : The application 'C:/soc/HW_1/HW_1.sdk/LED/Debug/LED.elf' is downloaded to processor 'ps7_cortexa9_0'.
00:04:36 INFO  : 'configparams force-mem-access 0' command is executed.
00:04:36 INFO  : ----------------XSDB Script----------------
connect -url tcp:127.0.0.1:3121
source C:/soc/HW_1/HW_1.sdk/design_1_wrapper_hw_platform_0/ps7_init.tcl
targets -set -nocase -filter {name =~"APU*" && jtag_cable_name =~ "Xilinx TUL 1234-tulA"} -index 0
loadhw -hw C:/soc/HW_1/HW_1.sdk/design_1_wrapper_hw_platform_0/system.hdf -mem-ranges [list {0x40000000 0xbfffffff}]
configparams force-mem-access 1
targets -set -nocase -filter {name =~"APU*" && jtag_cable_name =~ "Xilinx TUL 1234-tulA"} -index 0
stop
ps7_init
ps7_post_config
targets -set -nocase -filter {name =~ "ARM*#0" && jtag_cable_name =~ "Xilinx TUL 1234-tulA"} -index 0
rst -processor
targets -set -nocase -filter {name =~ "ARM*#0" && jtag_cable_name =~ "Xilinx TUL 1234-tulA"} -index 0
dow C:/soc/HW_1/HW_1.sdk/LED/Debug/LED.elf
configparams force-mem-access 0
----------------End of Script----------------

00:04:36 INFO  : Memory regions updated for context APU
00:04:36 INFO  : Context for processor 'ps7_cortexa9_0' is selected.
00:04:36 INFO  : 'con' command is executed.
00:04:36 INFO  : ----------------XSDB Script (After Launch)----------------
targets -set -nocase -filter {name =~ "ARM*#0" && jtag_cable_name =~ "Xilinx TUL 1234-tulA"} -index 0
con
----------------End of Script----------------

00:04:36 INFO  : Launch script is exported to file 'C:\soc\HW_1\HW_1.sdk\.sdk\launch_scripts\xilinx_c-c++_application_(system_debugger)\system_debugger_using_debug_led.elf_on_local.tcl'
00:07:51 INFO  : Disconnected from the channel tcfchan#20.
00:07:52 INFO  : 'targets -set -filter {jtag_cable_name =~ "Xilinx TUL 1234-tulA" && level==0} -index 1' command is executed.
00:07:52 INFO  : 'fpga -state' command is executed.
00:07:52 INFO  : Connected to target on host '127.0.0.1' and port '3121'.
00:07:52 INFO  : Jtag cable 'Xilinx TUL 1234-tulA' is selected.
00:07:52 INFO  : 'jtag frequency' command is executed.
00:07:52 INFO  : Sourcing of 'C:/soc/HW_1/HW_1.sdk/design_1_wrapper_hw_platform_0/ps7_init.tcl' is done.
00:07:52 INFO  : Context for 'APU' is selected.
00:07:53 INFO  : Hardware design information is loaded from 'C:/soc/HW_1/HW_1.sdk/design_1_wrapper_hw_platform_0/system.hdf'.
00:07:53 INFO  : 'configparams force-mem-access 1' command is executed.
00:07:53 INFO  : Context for 'APU' is selected.
00:07:53 INFO  : 'stop' command is executed.
00:07:54 INFO  : 'ps7_init' command is executed.
00:07:54 INFO  : 'ps7_post_config' command is executed.
00:07:54 INFO  : Context for processor 'ps7_cortexa9_0' is selected.
00:07:54 INFO  : Processor reset is completed for 'ps7_cortexa9_0'.
00:07:54 INFO  : Context for processor 'ps7_cortexa9_0' is selected.
00:07:54 INFO  : The application 'C:/soc/HW_1/HW_1.sdk/LED/Debug/LED.elf' is downloaded to processor 'ps7_cortexa9_0'.
00:07:54 INFO  : 'configparams force-mem-access 0' command is executed.
00:07:54 INFO  : ----------------XSDB Script----------------
connect -url tcp:127.0.0.1:3121
source C:/soc/HW_1/HW_1.sdk/design_1_wrapper_hw_platform_0/ps7_init.tcl
targets -set -nocase -filter {name =~"APU*" && jtag_cable_name =~ "Xilinx TUL 1234-tulA"} -index 0
loadhw -hw C:/soc/HW_1/HW_1.sdk/design_1_wrapper_hw_platform_0/system.hdf -mem-ranges [list {0x40000000 0xbfffffff}]
configparams force-mem-access 1
targets -set -nocase -filter {name =~"APU*" && jtag_cable_name =~ "Xilinx TUL 1234-tulA"} -index 0
stop
ps7_init
ps7_post_config
targets -set -nocase -filter {name =~ "ARM*#0" && jtag_cable_name =~ "Xilinx TUL 1234-tulA"} -index 0
rst -processor
targets -set -nocase -filter {name =~ "ARM*#0" && jtag_cable_name =~ "Xilinx TUL 1234-tulA"} -index 0
dow C:/soc/HW_1/HW_1.sdk/LED/Debug/LED.elf
configparams force-mem-access 0
----------------End of Script----------------

00:07:54 INFO  : Memory regions updated for context APU
00:07:54 INFO  : Context for processor 'ps7_cortexa9_0' is selected.
00:07:54 INFO  : 'con' command is executed.
00:07:54 INFO  : ----------------XSDB Script (After Launch)----------------
targets -set -nocase -filter {name =~ "ARM*#0" && jtag_cable_name =~ "Xilinx TUL 1234-tulA"} -index 0
con
----------------End of Script----------------

00:07:54 INFO  : Launch script is exported to file 'C:\soc\HW_1\HW_1.sdk\.sdk\launch_scripts\xilinx_c-c++_application_(system_debugger)\system_debugger_using_debug_led.elf_on_local.tcl'
00:08:49 INFO  : Disconnected from the channel tcfchan#21.
00:08:50 INFO  : 'targets -set -filter {jtag_cable_name =~ "Xilinx TUL 1234-tulA" && level==0} -index 1' command is executed.
00:08:50 INFO  : 'fpga -state' command is executed.
00:08:50 INFO  : Connected to target on host '127.0.0.1' and port '3121'.
00:08:51 INFO  : Jtag cable 'Xilinx TUL 1234-tulA' is selected.
00:08:51 INFO  : 'jtag frequency' command is executed.
00:08:51 INFO  : Sourcing of 'C:/soc/HW_1/HW_1.sdk/design_1_wrapper_hw_platform_0/ps7_init.tcl' is done.
00:08:51 INFO  : Context for 'APU' is selected.
00:08:52 INFO  : Hardware design information is loaded from 'C:/soc/HW_1/HW_1.sdk/design_1_wrapper_hw_platform_0/system.hdf'.
00:08:52 INFO  : 'configparams force-mem-access 1' command is executed.
00:08:52 INFO  : Context for 'APU' is selected.
00:08:52 INFO  : 'stop' command is executed.
00:08:52 INFO  : 'ps7_init' command is executed.
00:08:52 INFO  : 'ps7_post_config' command is executed.
00:08:52 INFO  : Context for processor 'ps7_cortexa9_0' is selected.
00:08:52 INFO  : Processor reset is completed for 'ps7_cortexa9_0'.
00:08:52 INFO  : Context for processor 'ps7_cortexa9_0' is selected.
00:08:52 INFO  : The application 'C:/soc/HW_1/HW_1.sdk/LED/Debug/LED.elf' is downloaded to processor 'ps7_cortexa9_0'.
00:08:52 INFO  : 'configparams force-mem-access 0' command is executed.
00:08:52 INFO  : ----------------XSDB Script----------------
connect -url tcp:127.0.0.1:3121
source C:/soc/HW_1/HW_1.sdk/design_1_wrapper_hw_platform_0/ps7_init.tcl
targets -set -nocase -filter {name =~"APU*" && jtag_cable_name =~ "Xilinx TUL 1234-tulA"} -index 0
loadhw -hw C:/soc/HW_1/HW_1.sdk/design_1_wrapper_hw_platform_0/system.hdf -mem-ranges [list {0x40000000 0xbfffffff}]
configparams force-mem-access 1
targets -set -nocase -filter {name =~"APU*" && jtag_cable_name =~ "Xilinx TUL 1234-tulA"} -index 0
stop
ps7_init
ps7_post_config
targets -set -nocase -filter {name =~ "ARM*#0" && jtag_cable_name =~ "Xilinx TUL 1234-tulA"} -index 0
rst -processor
targets -set -nocase -filter {name =~ "ARM*#0" && jtag_cable_name =~ "Xilinx TUL 1234-tulA"} -index 0
dow C:/soc/HW_1/HW_1.sdk/LED/Debug/LED.elf
configparams force-mem-access 0
----------------End of Script----------------

00:08:52 INFO  : Memory regions updated for context APU
00:08:53 INFO  : Context for processor 'ps7_cortexa9_0' is selected.
00:08:53 INFO  : 'con' command is executed.
00:08:53 INFO  : ----------------XSDB Script (After Launch)----------------
targets -set -nocase -filter {name =~ "ARM*#0" && jtag_cable_name =~ "Xilinx TUL 1234-tulA"} -index 0
con
----------------End of Script----------------

00:08:53 INFO  : Launch script is exported to file 'C:\soc\HW_1\HW_1.sdk\.sdk\launch_scripts\xilinx_c-c++_application_(system_debugger)\system_debugger_using_debug_led.elf_on_local.tcl'
00:09:15 INFO  : Disconnected from the channel tcfchan#22.
00:09:16 INFO  : 'targets -set -filter {jtag_cable_name =~ "Xilinx TUL 1234-tulA" && level==0} -index 1' command is executed.
00:09:16 INFO  : 'fpga -state' command is executed.
00:09:16 INFO  : Connected to target on host '127.0.0.1' and port '3121'.
00:09:17 INFO  : Jtag cable 'Xilinx TUL 1234-tulA' is selected.
00:09:17 INFO  : 'jtag frequency' command is executed.
00:09:17 INFO  : Sourcing of 'C:/soc/HW_1/HW_1.sdk/design_1_wrapper_hw_platform_0/ps7_init.tcl' is done.
00:09:17 INFO  : Context for 'APU' is selected.
00:09:18 INFO  : Hardware design information is loaded from 'C:/soc/HW_1/HW_1.sdk/design_1_wrapper_hw_platform_0/system.hdf'.
00:09:18 INFO  : 'configparams force-mem-access 1' command is executed.
00:09:18 INFO  : Context for 'APU' is selected.
00:09:18 INFO  : 'stop' command is executed.
00:09:18 INFO  : 'ps7_init' command is executed.
00:09:18 INFO  : 'ps7_post_config' command is executed.
00:09:18 INFO  : Context for processor 'ps7_cortexa9_0' is selected.
00:09:18 INFO  : Processor reset is completed for 'ps7_cortexa9_0'.
00:09:19 INFO  : Context for processor 'ps7_cortexa9_0' is selected.
00:09:19 INFO  : The application 'C:/soc/HW_1/HW_1.sdk/LED/Debug/LED.elf' is downloaded to processor 'ps7_cortexa9_0'.
00:09:19 INFO  : 'configparams force-mem-access 0' command is executed.
00:09:19 INFO  : ----------------XSDB Script----------------
connect -url tcp:127.0.0.1:3121
source C:/soc/HW_1/HW_1.sdk/design_1_wrapper_hw_platform_0/ps7_init.tcl
targets -set -nocase -filter {name =~"APU*" && jtag_cable_name =~ "Xilinx TUL 1234-tulA"} -index 0
loadhw -hw C:/soc/HW_1/HW_1.sdk/design_1_wrapper_hw_platform_0/system.hdf -mem-ranges [list {0x40000000 0xbfffffff}]
configparams force-mem-access 1
targets -set -nocase -filter {name =~"APU*" && jtag_cable_name =~ "Xilinx TUL 1234-tulA"} -index 0
stop
ps7_init
ps7_post_config
targets -set -nocase -filter {name =~ "ARM*#0" && jtag_cable_name =~ "Xilinx TUL 1234-tulA"} -index 0
rst -processor
targets -set -nocase -filter {name =~ "ARM*#0" && jtag_cable_name =~ "Xilinx TUL 1234-tulA"} -index 0
dow C:/soc/HW_1/HW_1.sdk/LED/Debug/LED.elf
configparams force-mem-access 0
----------------End of Script----------------

00:09:19 INFO  : Memory regions updated for context APU
00:09:19 INFO  : Context for processor 'ps7_cortexa9_0' is selected.
00:09:19 INFO  : 'con' command is executed.
00:09:19 INFO  : ----------------XSDB Script (After Launch)----------------
targets -set -nocase -filter {name =~ "ARM*#0" && jtag_cable_name =~ "Xilinx TUL 1234-tulA"} -index 0
con
----------------End of Script----------------

00:09:19 INFO  : Launch script is exported to file 'C:\soc\HW_1\HW_1.sdk\.sdk\launch_scripts\xilinx_c-c++_application_(system_debugger)\system_debugger_using_debug_led.elf_on_local.tcl'
00:11:46 INFO  : Disconnected from the channel tcfchan#23.
00:11:47 INFO  : 'targets -set -filter {jtag_cable_name =~ "Xilinx TUL 1234-tulA" && level==0} -index 1' command is executed.
00:11:47 INFO  : 'fpga -state' command is executed.
00:11:47 INFO  : Connected to target on host '127.0.0.1' and port '3121'.
00:11:48 INFO  : Jtag cable 'Xilinx TUL 1234-tulA' is selected.
00:11:48 INFO  : 'jtag frequency' command is executed.
00:11:48 INFO  : Sourcing of 'C:/soc/HW_1/HW_1.sdk/design_1_wrapper_hw_platform_0/ps7_init.tcl' is done.
00:11:48 INFO  : Context for 'APU' is selected.
00:11:49 INFO  : Hardware design information is loaded from 'C:/soc/HW_1/HW_1.sdk/design_1_wrapper_hw_platform_0/system.hdf'.
00:11:49 INFO  : 'configparams force-mem-access 1' command is executed.
00:11:49 INFO  : Context for 'APU' is selected.
00:11:49 INFO  : 'stop' command is executed.
00:11:49 INFO  : 'ps7_init' command is executed.
00:11:49 INFO  : 'ps7_post_config' command is executed.
00:11:49 INFO  : Context for processor 'ps7_cortexa9_0' is selected.
00:11:49 INFO  : Processor reset is completed for 'ps7_cortexa9_0'.
00:11:49 INFO  : Context for processor 'ps7_cortexa9_0' is selected.
00:11:50 INFO  : The application 'C:/soc/HW_1/HW_1.sdk/LED/Debug/LED.elf' is downloaded to processor 'ps7_cortexa9_0'.
00:11:50 INFO  : 'configparams force-mem-access 0' command is executed.
00:11:50 INFO  : ----------------XSDB Script----------------
connect -url tcp:127.0.0.1:3121
source C:/soc/HW_1/HW_1.sdk/design_1_wrapper_hw_platform_0/ps7_init.tcl
targets -set -nocase -filter {name =~"APU*" && jtag_cable_name =~ "Xilinx TUL 1234-tulA"} -index 0
loadhw -hw C:/soc/HW_1/HW_1.sdk/design_1_wrapper_hw_platform_0/system.hdf -mem-ranges [list {0x40000000 0xbfffffff}]
configparams force-mem-access 1
targets -set -nocase -filter {name =~"APU*" && jtag_cable_name =~ "Xilinx TUL 1234-tulA"} -index 0
stop
ps7_init
ps7_post_config
targets -set -nocase -filter {name =~ "ARM*#0" && jtag_cable_name =~ "Xilinx TUL 1234-tulA"} -index 0
rst -processor
targets -set -nocase -filter {name =~ "ARM*#0" && jtag_cable_name =~ "Xilinx TUL 1234-tulA"} -index 0
dow C:/soc/HW_1/HW_1.sdk/LED/Debug/LED.elf
configparams force-mem-access 0
----------------End of Script----------------

00:11:50 INFO  : Memory regions updated for context APU
00:11:50 INFO  : Context for processor 'ps7_cortexa9_0' is selected.
00:11:50 INFO  : 'con' command is executed.
00:11:50 INFO  : ----------------XSDB Script (After Launch)----------------
targets -set -nocase -filter {name =~ "ARM*#0" && jtag_cable_name =~ "Xilinx TUL 1234-tulA"} -index 0
con
----------------End of Script----------------

00:11:50 INFO  : Launch script is exported to file 'C:\soc\HW_1\HW_1.sdk\.sdk\launch_scripts\xilinx_c-c++_application_(system_debugger)\system_debugger_using_debug_led.elf_on_local.tcl'
00:14:38 INFO  : Disconnected from the channel tcfchan#24.
00:14:39 INFO  : 'targets -set -filter {jtag_cable_name =~ "Xilinx TUL 1234-tulA" && level==0} -index 1' command is executed.
00:14:39 INFO  : 'fpga -state' command is executed.
00:14:39 INFO  : Connected to target on host '127.0.0.1' and port '3121'.
00:14:39 INFO  : Jtag cable 'Xilinx TUL 1234-tulA' is selected.
00:14:39 INFO  : 'jtag frequency' command is executed.
00:14:39 INFO  : Sourcing of 'C:/soc/HW_1/HW_1.sdk/design_1_wrapper_hw_platform_0/ps7_init.tcl' is done.
00:14:39 INFO  : Context for 'APU' is selected.
00:14:41 INFO  : Hardware design information is loaded from 'C:/soc/HW_1/HW_1.sdk/design_1_wrapper_hw_platform_0/system.hdf'.
00:14:41 INFO  : 'configparams force-mem-access 1' command is executed.
00:14:41 INFO  : Context for 'APU' is selected.
00:14:41 INFO  : 'stop' command is executed.
00:14:41 INFO  : 'ps7_init' command is executed.
00:14:41 INFO  : 'ps7_post_config' command is executed.
00:14:41 INFO  : Context for processor 'ps7_cortexa9_0' is selected.
00:14:41 INFO  : Processor reset is completed for 'ps7_cortexa9_0'.
00:14:41 INFO  : Context for processor 'ps7_cortexa9_0' is selected.
00:14:41 INFO  : The application 'C:/soc/HW_1/HW_1.sdk/LED/Debug/LED.elf' is downloaded to processor 'ps7_cortexa9_0'.
00:14:41 INFO  : 'configparams force-mem-access 0' command is executed.
00:14:41 INFO  : ----------------XSDB Script----------------
connect -url tcp:127.0.0.1:3121
source C:/soc/HW_1/HW_1.sdk/design_1_wrapper_hw_platform_0/ps7_init.tcl
targets -set -nocase -filter {name =~"APU*" && jtag_cable_name =~ "Xilinx TUL 1234-tulA"} -index 0
loadhw -hw C:/soc/HW_1/HW_1.sdk/design_1_wrapper_hw_platform_0/system.hdf -mem-ranges [list {0x40000000 0xbfffffff}]
configparams force-mem-access 1
targets -set -nocase -filter {name =~"APU*" && jtag_cable_name =~ "Xilinx TUL 1234-tulA"} -index 0
stop
ps7_init
ps7_post_config
targets -set -nocase -filter {name =~ "ARM*#0" && jtag_cable_name =~ "Xilinx TUL 1234-tulA"} -index 0
rst -processor
targets -set -nocase -filter {name =~ "ARM*#0" && jtag_cable_name =~ "Xilinx TUL 1234-tulA"} -index 0
dow C:/soc/HW_1/HW_1.sdk/LED/Debug/LED.elf
configparams force-mem-access 0
----------------End of Script----------------

00:14:41 INFO  : Memory regions updated for context APU
00:14:41 INFO  : Context for processor 'ps7_cortexa9_0' is selected.
00:14:41 INFO  : 'con' command is executed.
00:14:41 INFO  : ----------------XSDB Script (After Launch)----------------
targets -set -nocase -filter {name =~ "ARM*#0" && jtag_cable_name =~ "Xilinx TUL 1234-tulA"} -index 0
con
----------------End of Script----------------

00:14:41 INFO  : Launch script is exported to file 'C:\soc\HW_1\HW_1.sdk\.sdk\launch_scripts\xilinx_c-c++_application_(system_debugger)\system_debugger_using_debug_led.elf_on_local.tcl'
00:16:15 INFO  : Disconnected from the channel tcfchan#25.
